<?xml version="1.0" encoding="UTF-8"?>
<testng-results ignored="0" total="1" passed="1" failed="0" skipped="0">
  <reporter-output>
  </reporter-output>
  <suite started-at="2023-04-07T11:04:44 IST" name="Suite" finished-at="2023-04-07T11:05:02 IST" duration-ms="18422">
    <groups>
    </groups>
    <test started-at="2023-04-07T11:04:44 IST" name="Test" finished-at="2023-04-07T11:05:02 IST" duration-ms="18422">
      <class name="tests.GvtTest">
        <test-method is-config="true" signature="openGvtPortal()[pri:0, instance:tests.GvtTest@3e11f9e9]" started-at="2023-04-07T11:04:44 IST" name="openGvtPortal" finished-at="2023-04-07T11:04:58 IST" duration-ms="13597" status="PASS">
          <reporter-output>
          </reporter-output>
        </test-method> <!-- openGvtPortal -->
        <test-method signature="login()[pri:0, instance:tests.GvtTest@3e11f9e9]" started-at="2023-04-07T11:04:58 IST" name="login" finished-at="2023-04-07T11:05:02 IST" duration-ms="4236" status="PASS">
          <reporter-output>
          </reporter-output>
        </test-method> <!-- login -->
        <test-method is-config="true" signature="closeBrowser()[pri:0, instance:tests.GvtTest@3e11f9e9]" started-at="2023-04-07T11:05:02 IST" name="closeBrowser" finished-at="2023-04-07T11:05:02 IST" duration-ms="317" status="PASS">
          <reporter-output>
          </reporter-output>
        </test-method> <!-- closeBrowser -->
      </class> <!-- tests.GvtTest -->
    </test> <!-- Test -->
  </suite> <!-- Suite -->
</testng-results>
